<?xml version="1.0" encoding="UTF-8"?>
<testng-results ignored="0" total="1" passed="1" failed="0" skipped="0">
  <reporter-output>
  </reporter-output>
  <suite started-at="2023-04-04T15:18:27 IST" name="Default suite" finished-at="2023-04-04T15:18:37 IST" duration-ms="10511">
    <groups>
    </groups>
    <test started-at="2023-04-04T15:18:27 IST" name="Default test" finished-at="2023-04-04T15:18:37 IST" duration-ms="10511">
      <class name="testscripts.Test3">
        <test-method is-config="true" signature="classConfiguration()[pri:0, instance:testscripts.Test3@505fc5a4]" started-at="2023-04-04T15:18:27 IST" name="classConfiguration" finished-at="2023-04-04T15:18:30 IST" duration-ms="3050" status="PASS">
          <reporter-output>
          </reporter-output>
        </test-method> <!-- classConfiguration -->
        <test-method is-config="true" signature="methodConfiguration()[pri:0, instance:testscripts.Test3@505fc5a4]" started-at="2023-04-04T15:18:30 IST" name="methodConfiguration" finished-at="2023-04-04T15:18:31 IST" duration-ms="866" status="PASS">
          <reporter-output>
          </reporter-output>
        </test-method> <!-- methodConfiguration -->
        <test-method signature="test3()[pri:0, instance:testscripts.Test3@505fc5a4]" started-at="2023-04-04T15:18:31 IST" name="test3" finished-at="2023-04-04T15:18:37 IST" duration-ms="6261" status="PASS">
          <reporter-output>
          </reporter-output>
        </test-method> <!-- test3 -->
        <test-method is-config="true" signature="methodTearDown()[pri:0, instance:testscripts.Test3@505fc5a4]" started-at="2023-04-04T15:18:37 IST" name="methodTearDown" finished-at="2023-04-04T15:18:37 IST" duration-ms="0" status="PASS">
          <reporter-output>
          </reporter-output>
        </test-method> <!-- methodTearDown -->
        <test-method is-config="true" signature="classTearDown()[pri:0, instance:testscripts.Test3@505fc5a4]" started-at="2023-04-04T15:18:37 IST" name="classTearDown" finished-at="2023-04-04T15:18:37 IST" duration-ms="298" status="PASS">
          <reporter-output>
          </reporter-output>
        </test-method> <!-- classTearDown -->
      </class> <!-- testscripts.Test3 -->
    </test> <!-- Default test -->
  </suite> <!-- Default suite -->
</testng-results>
